* Checking for deprecated package usage... OK
* Checking for remote package usage... OK
* Checking for 'LazyData: true' usage... OK
* Checking version number... OK
* Checking version number validity... OK
* Checking R version dependency...
* NOTE: Update R version dependency from 4.1 to 4.3.0.
* Checking package size... OK
* Checking individual file sizes... OK
* Checking biocViews... OK
* Checking that biocViews are present... OK
* Checking package type based on biocViews... OK
* Checking for non-trivial biocViews... OK
* Checking that biocViews come from the same category... OK
* Checking biocViews validity... OK
* Checking for recommended biocViews...
* NOTE: Consider adding these automatically suggested biocViews: CellBasedAssays, Normalization, Preprocessing
* Checking build system compatibility... OK
* Checking for blank lines in DESCRIPTION... OK
* Checking if DESCRIPTION is well formatted... OK
* Checking for proper Description: field... OK
* Checking for whitespace in DESCRIPTION field names... OK
* Checking that Package field matches directory/tarball name... OK
* Checking for Version field... OK
* Checking for valid maintainer...
* NOTE: Consider adding the maintainer's ORCID iD in 'Authors@R' with 'comment=c(ORCID="...")'
* Checking License: for restrictive use... OK
* Checking for recommeded fields in DESCRIPTION... OK
* Checking for pinned package versions... OK
* Checking DESCRIPTION/NAMESPACE consistency... OK
* Checking .Rbuildignore... OK
* Checking for stray BiocCheck output folders... OK
* Checking for inst/doc folders... OK
* Checking vignette directory...
* NOTE:  'sessionInfo' not found in vignette(s)
Missing from file(s):
vignettes/barmixR-workflow.Rmd
* Checking package installation calls in R code... OK
* Checking for library/require of barmixR... OK
* Checking coding practice... OK
* Checking parsed R code in R directory, examples, vignettes... OK
* Checking function lengths...
* NOTE: The recommended function length is 50 lines or less. There are 9 functions greater than 50 lines.
The longest 5 functions are:
barmixRQTR() (R/barmixRQTR.R): 326 lines
ppcPopulation() (R/ppcPopulation.R): 215 lines
QTRresistance() (R/QTRresistance.R): 211 lines
ppcBarcodes() (R/ppcBarcodes.R): 185 lines
QTRDecision() (R/QTRDecision.R): 178 lines
* Checking man page documentation... OK
* Checking package NEWS...
* NOTE: Consider adding a NEWS file, so your package news will be included in Bioconductor release announcements.
* Checking unit tests...
* NOTE: Consider adding unit tests. We strongly encourage them. See
  https://contributions.bioconductor.org/tests.html
* Checking skip_on_bioc() in tests... OK
* Checking formatting of DESCRIPTION, NAMESPACE, man pages, R source, and vignette source...
* NOTE: Consider shorter lines; 118 lines (3%) are > 80 characters long.
First few lines:
R/barmixRQTR.R#L203     dispersion = list(psi_mean = 0, psi_ ...
R/barmixRQTR.R#L204     control = list(chains = 3, iter_coun ...
R/barmixRQTR.R#L230   required_fields <- c("data_count", "co ...
R/barmixRQTR.R#L233            paste0("Missing required fiel ...
R/barmixRQTR.R#L249            "`data$condition_count` must  ...
R/barmixRQTR.R#L252            "`data$cell_line` must have t ...
R/barmixRQTR.R#L268     list(chains = 3L, iter_count = 1000L ...
R/barmixRQTR.R#L272   .stop_if(length(control$chains) != 1 | ...
R/barmixRQTR.R#L276   .stop_if(length(control$iter_count) != ...
R/barmixRQTR.R#L280   .stop_if(length(control$iter_V) != 1 | ...
R/barmixRQTR.R#L286       stop("`BPPARAM` was provided but B ...
R/barmixRQTR.R#L290     .stop_if(length(control$cores) != 1  ...
R/barmixRQTR.R#L299     .stop_if(as.integer(control$warmup)  ...
R/barmixRQTR.R#L300              "`control$warmup` must be s ...
R/barmixRQTR.R#L305     .stop_if(length(seed) != 1 || !is.fi ...
R/barmixRQTR.R#L315     n_sam <- as.integer(min(as.integer(n ...
R/barmixRQTR.R#L323   .stop_if(any(!is.finite(unlist(dispers ...
R/barmixRQTR.R#L337              "`data$pre_composition` mus ...
R/barmixRQTR.R#L343                "`data$pre_composition` m ...
R/barmixRQTR.R#L345                "All row names of `data$d ...
R/barmixRQTR.R#L348                "`data$pre_composition` c ...
R/barmixRQTR.R#L355                "Each row of `data$data_c ...
R/barmixRQTR.R#L377     .stop_if(length(control_group) != 1, ...
R/barmixRQTR.R#L432            "Error: Treatments in `condit ...
R/barmixRQTR.R#L440            "No tumor volume/confluency e ...
R/barmixRQTR.R#L455              "Error: Tumor volume values ...
R/barmixRQTR.R#L459              "Stan file for the in vivo  ...
R/barmixRQTR.R#L478              "Error: Confluency values m ...
R/barmixRQTR.R#L482              "Stan file for the in vitro ...
R/fractionRatio.R#L12 #' @param model An object of class \code ...
R/fractionRatio.R#L129            "`model` must be an object of ...
R/fractionRatio.R#L139            "`sampled_fraction` must be a ...
R/fractionRatio.R#L273       axis.text.x = ggplot2::element_tex ...
R/populationRatio.R#L13 #' @param model An object of class \code ...
R/populationRatio.R#L136            "`model` must be an object of ...
R/populationRatio.R#L146            "`sampled_elements` must be a ...
R/ppcBarcodes.R#L12 #' @param model An object of class \code ...
R/ppcBarcodes.R#L121            "`model` must be an object of ...
R/ppcBarcodes.R#L138            "`model` must be an object of ...
R/ppcPopulation.R#L14 #' @param model An object of class \code ...
R/ppcPopulation.R#L122            "`model` must be an object of ...
R/QTRDecision.R#L11 #' @param @param model An object of clas ...
R/QTRDecision.R#L42 #' @importFrom ggplot2 ggplot aes annota ...
R/QTRDecision.R#L155            "`model` must be an object of ...
R/QTRDecision.R#L257         panel.border = ggplot2::element_ ...
R/QTRDecision.R#L258         plot.title = ggplot2::element_te ...
R/QTRheatmap.R#L11 #' @param model An object of class \code ...
R/QTRheatmap.R#L166            "`model` must be an object of ...
R/QTRheatmap.R#L267       axis.text.x = ggplot2::element_tex ...
R/QTRheatmap.R#L308       axis.text.x = ggplot2::element_tex ...
R/QTRheatmap.R#L312       panel.border = ggplot2::element_re ...
R/QTRresistance.R#L17 #' @param model An object of class \code ...
R/QTRresistance.R#L57 #'         \item \code{lower_whisker}: L ...
R/QTRresistance.R#L58 #'         \item \code{upper_whisker}: U ...
R/QTRresistance.R#L169            "`model` must be an object of ...
R/QTRresistance.R#L179            "`li_sam_ratio_relative` must ...
R/QTRresistance.R#L182            "`li_sam_ratio_V` must be a l ...
R/QTRresistance.R#L203              paste0("`li_sam_ratio_relat ...
man/barmixRQTR.Rd#L10   dispersion = list(psi_mean = 0, psi_sd ...
man/barmixRQTR.Rd#L11   control = list(chains = 3, iter_count  ...
man/barmixRQTR.Rd#L31 \if{html}{\out{<div class="sourceCode">} ...
man/barmixRQTR.Rd#L65 \if{html}{\out{<div class="sourceCode">} ...
man/barmixRQTR.Rd#L81 \if{html}{\out{<div class="sourceCode">} ...
man/barmixRQTR.Rd#L132 \if{html}{\out{<div class="sourceCode">} ...
man/fractionRatio.Rd#L10 \item{model}{An object of class \code{\l ...
man/fractionRatio.Rd#L37 \if{html}{\out{<div class="sourceCode">} ...
man/populationRatio.Rd#L16 \item{model}{An object of class \code{\l ...
man/populationRatio.Rd#L46 \if{html}{\out{<div class="sourceCode">} ...
man/ppcBarcodes.Rd#L10 \item{model}{An object of class \code{ba ...
man/ppcBarcodes.Rd#L36 \if{html}{\out{<div class="sourceCode">} ...
man/ppcPopulation.Rd#L10 \item{model}{An object of class \code{\l ...
man/ppcPopulation.Rd#L34 \if{html}{\out{<div class="sourceCode">} ...
man/QTRDecision.Rd#L36 \item{@param}{model An object of class \ ...
man/QTRheatmap.Rd#L19 \item{model}{An object of class \code{\l ...
man/QTRheatmap.Rd#L53 \if{html}{\out{<div class="sourceCode">} ...
man/QTRresistance.Rd#L16 \item{model}{An object of class \code{\l ...
man/QTRresistance.Rd#L46 \if{html}{\out{<div class="sourceCode">} ...
vignettes/barmixR-workflow.Rmd#L2 title: "barmixR: Bayesian Modeling of Ba ...
vignettes/barmixR-workflow.Rmd#L6   Bioinformatics and Computational Bioph ...
vignettes/barmixR-workflow.Rmd#L9   %\VignetteIndexEntry{barmixR: Bayesian ...
vignettes/barmixR-workflow.Rmd#L24 Tumor heterogeneity is a major challenge ...
vignettes/barmixR-workflow.Rmd#L26 Understanding how different genotypes re ...
vignettes/barmixR-workflow.Rmd#L30 To overcome these limitations, **DNA bar ...
vignettes/barmixR-workflow.Rmd#L32 This makes it possible to study many gen ...
vignettes/barmixR-workflow.Rmd#L36 A key limitation of barcode sequencing d ...
vignettes/barmixR-workflow.Rmd#L38 Consequently, relative changes cannot be ...
vignettes/barmixR-workflow.Rmd#L40 Relative changes alone are therefore ins ...
vignettes/barmixR-workflow.Rmd#L44 To resolve this limitation, measurements ...
vignettes/barmixR-workflow.Rmd#L50 These measurements capture how the *enti ...
vignettes/barmixR-workflow.Rmd#L59 By jointly modeling these data in a **Ba ...
vignettes/barmixR-workflow.Rmd#L61 The central output of the model is **qua ...
vignettes/barmixR-workflow.Rmd#L69 Although barmixR was developed for multi ...
vignettes/barmixR-workflow.Rmd#L86 To demonstrate the barmixR workflow, we  ...
vignettes/barmixR-workflow.Rmd#L88 The simulation includes **20 clones**, * ...
vignettes/barmixR-workflow.Rmd#L91 - **Population size measurements**, repr ...
vignettes/barmixR-workflow.Rmd#L95 Counts are generated from a **Dirichlet– ...
vignettes/barmixR-workflow.Rmd#L96 Clones are grouped into subsets with dif ...
vignettes/barmixR-workflow.Rmd#L100 Total population sizes are simulated usi ...
vignettes/barmixR-workflow.Rmd#L104 The simulation reflects the core princip ...
vignettes/barmixR-workflow.Rmd#L258 For demonstration purposes, we use a red ...
vignettes/barmixR-workflow.Rmd#L259 In practical applications, longer sampli ...
vignettes/barmixR-workflow.Rmd#L266     iter_count=500, # reduced number of  ...
vignettes/barmixR-workflow.Rmd#L267     iter_V=500,     # reduced number of  ...
vignettes/barmixR-workflow.Rmd#L277 Posterior sampling produces probability  ...
vignettes/barmixR-workflow.Rmd#L334 The **Quantitative Treatment Resistance  ...
vignettes/barmixR-workflow.Rmd#L339 within a joint Bayesian framework. This  ...
vignettes/barmixR-workflow.Rmd#L341 Each QTR value represents the **log-scal ...
vignettes/barmixR-workflow.Rmd#L349 When visualized (e.g., as density plots  ...
vignettes/barmixR-workflow.Rmd#L367 The heatmap summarizes **clone-specific  ...
vignettes/barmixR-workflow.Rmd#L369 In analogy to the bubble plot representa ...
vignettes/barmixR-workflow.Rmd#L375 - the **magnitude of QTR** (posterior me ...
vignettes/barmixR-workflow.Rmd#L377 This visualization provides a global ove ...
vignettes/barmixR-workflow.Rmd#L382 One practical goal of multiplexed barcod ...
vignettes/barmixR-workflow.Rmd#L384 The `QTRDecision()` function summarizes  ...
vignettes/barmixR-workflow.Rmd#L400 In the ranking panel, treatments are ord ...
vignettes/barmixR-workflow.Rmd#L402 This type of ranking can support preclin ...
vignettes/barmixR-workflow.Rmd#L405 - compare candidate compounds or combina ...
vignettes/barmixR-workflow.Rmd#L408 In translational and pharmaceutical sett ...
* NOTE: Consider multiples of 4 spaces for line indents; 1172 lines (27%) are not.
First few lines:
R/barmixRQTR.R#L215   ## ---------- helpers ---------- ...
R/barmixRQTR.R#L216   .stop_if <- function(cond, msg) { ...
R/barmixRQTR.R#L218   } ...
R/barmixRQTR.R#L219    ...
R/barmixRQTR.R#L220   .as_chr <- function(x) { ...
R/barmixRQTR.R#L222   } ...
R/barmixRQTR.R#L223    ...
R/barmixRQTR.R#L224   ## ---------- required args ---------- ...
R/barmixRQTR.R#L225   .stop_if(missing(time_d) || length(tim ...
R/barmixRQTR.R#L226            "`time_d` is required and mus ...
R/barmixRQTR.R#L227    ...
R/barmixRQTR.R#L228   .stop_if(is.null(data) || !is.list(dat ...
R/barmixRQTR.R#L229    ...
R/barmixRQTR.R#L230   required_fields <- c("data_count", "co ...
R/barmixRQTR.R#L231   missing_fields <- setdiff(required_fie ...
R/barmixRQTR.R#L232   .stop_if(length(missing_fields) > 0, ...
R/barmixRQTR.R#L233            paste0("Missing required fiel ...
R/barmixRQTR.R#L234    ...
R/barmixRQTR.R#L235   ## ---------- coerce & validate core i ...
R/barmixRQTR.R#L236   data_count <- data$data_count ...
R/barmixRQTR.R#L237   .stop_if(!(is.matrix(data_count) || is ...
R/barmixRQTR.R#L238            "`data$data_count` must be a  ...
R/barmixRQTR.R#L239   data_count <- as.matrix(data_count) ...
R/barmixRQTR.R#L240   .stop_if(anyNA(data_count), "`data$dat ...
R/barmixRQTR.R#L241   .stop_if(any(data_count < 0), "`data$d ...
R/barmixRQTR.R#L242   storage.mode(data_count) <- "numeric" ...
R/barmixRQTR.R#L243    ...
R/barmixRQTR.R#L244   condition_count <- .as_chr(data$condit ...
R/barmixRQTR.R#L245   condition_v <- .as_chr(data$condition_ ...
R/barmixRQTR.R#L246   cell_line <- .as_chr(data$cell_line) ...
R/barmixRQTR.R#L247    ...
R/barmixRQTR.R#L248   .stop_if(length(condition_count) != nr ...
R/barmixRQTR.R#L249            "`data$condition_count` must  ...
R/barmixRQTR.R#L250    ...
R/barmixRQTR.R#L251   .stop_if(length(cell_line) != ncol(dat ...
R/barmixRQTR.R#L252            "`data$cell_line` must have t ...
R/barmixRQTR.R#L253    ...
R/barmixRQTR.R#L254   V <- as.numeric(data$V) ...
R/barmixRQTR.R#L255   .stop_if(length(condition_v) != length ...
R/barmixRQTR.R#L256            "`data$condition_v` must have ...
R/barmixRQTR.R#L257   .stop_if(anyNA(V) || anyNA(condition_v ...
R/barmixRQTR.R#L258            "`data$V` and `data$condition ...
R/barmixRQTR.R#L259    ...
R/barmixRQTR.R#L260   VT0 <- NULL ...
R/barmixRQTR.R#L261   if (!is.null(data$VT0)) { ...
R/barmixRQTR.R#L264   } ...
R/barmixRQTR.R#L265    ...
R/barmixRQTR.R#L266   ## ---------- control validation ----- ...
R/barmixRQTR.R#L267   control <- modifyList( ...
R/barmixRQTR.R#L270   ) ...
R/barmixRQTR.R#L271    ...
R/barmixRQTR.R#L272   .stop_if(length(control$chains) != 1 | ...
R/barmixRQTR.R#L273            "`control$chains` must be a p ...
R/barmixRQTR.R#L274   control$chains <- as.integer(control$c ...
R/barmixRQTR.R#L275    ...
R/barmixRQTR.R#L276   .stop_if(length(control$iter_count) != ...
R/barmixRQTR.R#L277            "`control$iter_count` must be ...
R/barmixRQTR.R#L278   control$iter_count <- as.integer(contr ...
R/barmixRQTR.R#L279    ...
R/barmixRQTR.R#L280   .stop_if(length(control$iter_V) != 1 | ...
R/barmixRQTR.R#L281            "`control$iter_V` must be a p ...
R/barmixRQTR.R#L282   control$iter_V <- as.integer(control$i ...
R/barmixRQTR.R#L283    ...
R/barmixRQTR.R#L284   if (!is.null(BPPARAM)) { ...
R/barmixRQTR.R#L286       stop("`BPPARAM` was provided but B ...
R/barmixRQTR.R#L289   } else { ...
R/barmixRQTR.R#L291              "`control$cores` must be a  ...
R/barmixRQTR.R#L293   } ...
R/barmixRQTR.R#L294    ...
R/barmixRQTR.R#L295   if (!is.null(control$warmup)) { ...
R/barmixRQTR.R#L297                as.integer(control$warmup ...
R/barmixRQTR.R#L298              "`control$warmup` must be a ...
R/barmixRQTR.R#L300              "`control$warmup` must be s ...
R/barmixRQTR.R#L302   } ...
R/barmixRQTR.R#L303    ...
R/barmixRQTR.R#L304   if (!is.null(seed)) { ...
R/barmixRQTR.R#L307   } ...
R/barmixRQTR.R#L308    ...
R/barmixRQTR.R#L309   ## ---------- n_sam ---------- ...
R/barmixRQTR.R#L310   if (is.null(n_sam)) { ...
R/barmixRQTR.R#L312   } else { ...
R/barmixRQTR.R#L314              "`n_sam` must be a positive ...
R/barmixRQTR.R#L316   } ...
R/barmixRQTR.R#L317    ...
R/barmixRQTR.R#L318   ## ---------- dispersion ---------- ...
R/barmixRQTR.R#L319   dispersion <- modifyList( ...
R/barmixRQTR.R#L322   ) ...
R/barmixRQTR.R#L323   .stop_if(any(!is.finite(unlist(dispers ...
R/barmixRQTR.R#L324    ...
R/barmixRQTR.R#L325   dispersion$psi_mean <- as.numeric(disp ...
R/barmixRQTR.R#L326   dispersion$psi_sd <- as.numeric(disper ...
R/barmixRQTR.R#L327   dispersion$varphi_mean <- as.numeric(d ...
R/barmixRQTR.R#L328   dispersion$varphi_sd <- as.numeric(dis ...
R/barmixRQTR.R#L329    ...
R/barmixRQTR.R#L330   .stop_if(dispersion$psi_sd <= 0, "`dis ...
R/barmixRQTR.R#L331   .stop_if(dispersion$varphi_sd <= 0, "` ...
R/barmixRQTR.R#L332    ...
R/barmixRQTR.R#L333   ## ---------- optional pre_composition ...
R/barmixRQTR.R#L334   if (!is.null(data$pre_composition)) { ...
R/barmixRQTR.R#L337              "`data$pre_composition` mus ...
R/barmixRQTR.R#L342       .stop_if(is.null(rownames(data_cou ...
R/barmixRQTR.R#L343                "`data$pre_composition` m ...
R/barmixRQTR.R#L344       .stop_if(!all(rownames(data_count) ...
R/barmixRQTR.R#L345                "All row names of `data$d ...
R/barmixRQTR.R#L346       pre_comp <- pre_comp[rownames(data ...
R/barmixRQTR.R#L347       .stop_if(!all(dim(pre_comp) == dim ...
R/barmixRQTR.R#L348                "`data$pre_composition` c ...
R/barmixRQTR.R#L353       row_sum <- sum(adj[i, ]) ...
R/barmixRQTR.R#L354       .stop_if(!is.finite(row_sum) || ro ...
R/barmixRQTR.R#L355                "Each row of `data$data_c ...
R/barmixRQTR.R#L356       frac <- adj[i, ] / row_sum ...
R/barmixRQTR.R#L357       adj_i <- round(adj[i, ] * frac / p ...
R/barmixRQTR.R#L358       adj_i[!is.finite(adj_i)] <- 1 ...
R/barmixRQTR.R#L359       adj[i, ] <- pmax(1, adj_i) ...
R/barmixRQTR.R#L362   } else { ...
R/barmixRQTR.R#L364       message("Each barcode distributed  ...
R/barmixRQTR.R#L366   } ...
R/barmixRQTR.R#L367    ...
R/barmixRQTR.R#L368   ## ---------- grouping ---------- ...
R/barmixRQTR.R#L369   factor_group <- factor(condition_count ...
R/barmixRQTR.R#L370   group <- as.integer(factor_group) ...
R/barmixRQTR.R#L371   K <- nlevels(factor_group) ...
R/barmixRQTR.R#L372   L <- length(unique(cell_line)) ...
R/barmixRQTR.R#L373   n <- nrow(data_count) ...
R/barmixRQTR.R#L374    ...
R/barmixRQTR.R#L375   ## ---------- control group ---------- ...
R/barmixRQTR.R#L376   if (!is.null(control_group)) { ...
R/barmixRQTR.R#L380              "`control_group` must be pr ...
R/barmixRQTR.R#L381   } ...
R/barmixRQTR.R#L382    ...
R/barmixRQTR.R#L383   ## ---------- Stan availability ------ ...
R/barmixRQTR.R#L384   .stop_if(!requireNamespace("rstan", qu ...
R/barmixRQTR.R#L385            "Package `rstan` is required  ...
R/barmixRQTR.R#L386    ...
R/barmixRQTR.R#L387   ## ---------- data for count model --- ...
R/barmixRQTR.R#L388   dlist <- list( ...
R/barmixRQTR.R#L398   ) ...
R/barmixRQTR.R#L399    ...
R/barmixRQTR.R#L400   stan_seed <- seed ...
R/barmixRQTR.R#L401   if (is.null(stan_seed)) { ...
R/barmixRQTR.R#L404       message("No `seed` provided; using ...
R/barmixRQTR.R#L406   } ...
R/barmixRQTR.R#L407    ...
R/barmixRQTR.R#L408   ## ---------- fit Dirichlet-multinomia ...
R/barmixRQTR.R#L409   stan_file_counts <- system.file("stan/ ...
R/barmixRQTR.R#L410    ...
R/barmixRQTR.R#L411   .stop_if(!nzchar(stan_file_counts), ...
R/barmixRQTR.R#L412            "Stan file for the count mode ...
R/barmixRQTR.R#L413    ...
R/barmixRQTR.R#L414   stan_args <- list( ...
R/barmixRQTR.R#L422   ) ...
R/barmixRQTR.R#L423    ...
R/barmixRQTR.R#L424   if (!is.null(control$warmup)) { ...
R/barmixRQTR.R#L426   } ...
R/barmixRQTR.R#L427    ...
R/barmixRQTR.R#L428   fit <- do.call(rstan::stan, stan_args) ...
R/barmixRQTR.R#L429    ...
R/barmixRQTR.R#L430   ## ---------- treatment consistency -- ...
R/barmixRQTR.R#L431   .stop_if(!all(unique(condition_count)  ...
R/barmixRQTR.R#L432            "Error: Treatments in `condit ...
R/barmixRQTR.R#L433    ...
R/barmixRQTR.R#L434   ## ---------- prepare V data --------- ...
R/barmixRQTR.R#L435   keep <- condition_v %in% unique(condit ...
R/barmixRQTR.R#L436   V_use <- as.numeric(V[keep]) ...
R/barmixRQTR.R#L437   cond_v_use <- condition_v[keep] ...
R/barmixRQTR.R#L438    ...
R/barmixRQTR.R#L439   .stop_if(length(V_use) == 0, ...
R/barmixRQTR.R#L440            "No tumor volume/confluency e ...
R/barmixRQTR.R#L441    ...
R/barmixRQTR.R#L442   group_V_fac <- factor(cond_v_use, leve ...
R/barmixRQTR.R#L443   group_V <- as.integer(group_V_fac) ...
R/barmixRQTR.R#L444    ...
R/barmixRQTR.R#L445   dlist_volume <- list( ...
R/barmixRQTR.R#L450   ) ...
R/barmixRQTR.R#L451    ...
R/barmixRQTR.R#L452   ## ---------- fit volume/confluency mo ...
R/barmixRQTR.R#L453   if (isTRUE(in_vivo)) { ...
R/barmixRQTR.R#L455              "Error: Tumor volume values ...
R/barmixRQTR.R#L459              "Stan file for the in vivo  ...
R/barmixRQTR.R#L462       file = stan_file_V, ...
R/barmixRQTR.R#L463       data = dlist_volume, ...
R/barmixRQTR.R#L464       chains = control$chains, ...
R/barmixRQTR.R#L465       iter = control$iter_V, ...
R/barmixRQTR.R#L466       cores = control$cores, ...
R/barmixRQTR.R#L467       seed = stan_seed, ...
R/barmixRQTR.R#L468       control = list(max_treedepth = 18) ...
R/barmixRQTR.R#L472       stan_args_V$warmup <- control$warm ...
R/barmixRQTR.R#L476   } else { ...
R/barmixRQTR.R#L478              "Error: Confluency values m ...
R/barmixRQTR.R#L482              "Stan file for the in vitro ...
R/barmixRQTR.R#L485       file = stan_file_V, ...
R/barmixRQTR.R#L486       data = dlist_volume, ...
R/barmixRQTR.R#L487       chains = control$chains, ...
R/barmixRQTR.R#L488       iter = control$iter_V, ...
R/barmixRQTR.R#L489       cores = control$cores, ...
R/barmixRQTR.R#L490       seed = stan_seed, ...
R/barmixRQTR.R#L491       control = list(adapt_delta = 0.999 ...
R/barmixRQTR.R#L495       stan_args_V$warmup <- control$warm ...
R/barmixRQTR.R#L499   } ...
R/barmixRQTR.R#L500    ...
R/barmixRQTR.R#L501   ## ---------- return ---------- ...
R/barmixRQTR.R#L502   out <-list( ...
R/barmixRQTR.R#L522   ) ...
R/barmixRQTR.R#L523   class(out) <- "barmixR_fit" ...
R/barmixRQTR.R#L524   out ...
R/fractionRatio.R#L122   ## ---------- helpers ---------- ...
R/fractionRatio.R#L123   .stop_if <- function(cond, msg) { ...
R/fractionRatio.R#L125   } ...
R/fractionRatio.R#L127   ## ---------- validate inputs -------- ...
R/fractionRatio.R#L128   .stop_if(is.null(model) || !inherits(m ...
R/fractionRatio.R#L129            "`model` must be an object of ...
R/fractionRatio.R#L131   required_fields <- c("names_cell", "co ...
R/fractionRatio.R#L132   missing_fields <- setdiff(required_fie ...
R/fractionRatio.R#L134   .stop_if(length(missing_fields) > 0, ...
R/fractionRatio.R#L135            paste0("Missing required fiel ...
R/fractionRatio.R#L136                   paste(missing_fields,  ...
R/fractionRatio.R#L138   .stop_if(is.null(sampled_fraction) ||  ...
R/fractionRatio.R#L139            "`sampled_fraction` must be a ...
R/fractionRatio.R#L141   cell <- unique(model$names_cell) ...
R/fractionRatio.R#L142   condition_count <- as.character(model$ ...
R/fractionRatio.R#L143   control_group <- model$control_group ...
R/fractionRatio.R#L144   n_sam <- as.integer(model$n_sam) ...
R/fractionRatio.R#L145   L <- as.integer(model$L) ...
R/fractionRatio.R#L146   K <- as.integer(model$K) ...
R/fractionRatio.R#L148   ## ---------- control group ---------- ...
R/fractionRatio.R#L149   if (is.null(control_group)) { ...
R/fractionRatio.R#L152   } ...
R/fractionRatio.R#L154   .stop_if(!(control_group %in% conditio ...
R/fractionRatio.R#L155            "`control_group` must be pres ...
R/fractionRatio.R#L157   ## ---------- replication per cell --- ...
R/fractionRatio.R#L158   rep_per_cell <- table(model$names_cell ...
R/fractionRatio.R#L160   ## ---------- compute ratios --------- ...
R/fractionRatio.R#L161   li_sam_ratio_relative <- list() ...
R/fractionRatio.R#L162   ratio_index <- 1 ...
R/fractionRatio.R#L164   expmus_ref <- NULL ...
R/fractionRatio.R#L166   for (k in seq_len(K)) { ...
R/fractionRatio.R#L171              paste0("Missing sampled fra ...
R/fractionRatio.R#L180       start_col <- sum(rep_per_cell[seq_ ...
R/fractionRatio.R#L181       end_col <- sum(rep_per_cell[seq_le ...
R/fractionRatio.R#L183       expmus_cell[, l] <- rowSums( ...
R/fractionRatio.R#L185       ) ...
R/fractionRatio.R#L191       expmus_ref <- expmus_cell ...
R/fractionRatio.R#L192       next ...
R/fractionRatio.R#L196              "Control group fractions we ...
R/fractionRatio.R#L199       expmus_cell / (expmus_ref + 1e-10) ...
R/fractionRatio.R#L202   } ...
R/fractionRatio.R#L204   names(li_sam_ratio_relative) <- ...
R/fractionRatio.R#L207   ## ---------- prepare data for plottin ...
R/fractionRatio.R#L208   ratio_values <- unlist(li_sam_ratio_re ...
R/fractionRatio.R#L210   treat_vec <- rep(names(li_sam_ratio_re ...
R/fractionRatio.R#L211                    each = L * n_sam) ...
R/fractionRatio.R#L213   cell_vec <- rep( ...
R/fractionRatio.R#L216   ) ...
R/fractionRatio.R#L218   data_plot <- data.frame( ...
R/fractionRatio.R#L223   ) ...
R/fractionRatio.R#L225   conditions <- unique(model$condition_c ...
R/fractionRatio.R#L226   conditions <- conditions[conditions != ...
R/fractionRatio.R#L228   data_plot$treat <- factor(data_plot$tr ...
R/fractionRatio.R#L230   ## ---------- quantile filtering ----- ...
R/fractionRatio.R#L231   data_plot <- dplyr::group_by(data_plot ...
R/fractionRatio.R#L233   data_plot <- dplyr::mutate( ...
R/fractionRatio.R#L236       p_ratio <= quantile(p_ratio, q_up) ...
R/fractionRatio.R#L237   ) ...
R/fractionRatio.R#L239   data_plot <- dplyr::filter(data_plot,  ...
R/fractionRatio.R#L241   data_plot <- dplyr::ungroup(data_plot) ...
R/fractionRatio.R#L243   ## ---------- plot ---------- ...
R/fractionRatio.R#L244   threshold <- 0 ...
R/fractionRatio.R#L246   plot_ratio_fraction <- ...
R/fractionRatio.R#L248       data_plot, ...
R/fractionRatio.R#L249       ggplot2::aes( ...
R/fractionRatio.R#L253       ) ...
R/fractionRatio.R#L256       draw_quantiles = c(0.25, 0.5, 0.75 ...
R/fractionRatio.R#L257       scale = "width", ...
R/fractionRatio.R#L258       trim = FALSE ...
R/fractionRatio.R#L262       yintercept = threshold, ...
R/fractionRatio.R#L263       linetype = "dashed", ...
R/fractionRatio.R#L264       colour = "blue", ...
R/fractionRatio.R#L265       linewidth = 1 ...
R/fractionRatio.R#L268       x = "Cell line", ...
R/fractionRatio.R#L269       y = "Ratio of relative abundances, ...
R/fractionRatio.R#L270       fill = "Cell line" ...
R/fractionRatio.R#L273       axis.text.x = ggplot2::element_tex ...
R/fractionRatio.R#L274       axis.text.y = ggplot2::element_tex ...
R/fractionRatio.R#L275       axis.title.x = ggplot2::element_te ...
R/fractionRatio.R#L276       axis.title.y = ggplot2::element_te ...
R/fractionRatio.R#L277       strip.text = ggplot2::element_text ...
R/fractionRatio.R#L278       plot.margin = ggplot2::margin(20,  ...
R/fractionRatio.R#L279       legend.title = ggplot2::element_te ...
R/fractionRatio.R#L280       legend.text = ggplot2::element_tex ...
R/fractionRatio.R#L283   ## ---------- return ---------- ...
R/fractionRatio.R#L284   out <-list( ...
R/fractionRatio.R#L288   ) ...
R/fractionRatio.R#L289   class(out) <- "barmixR_result" ...
R/fractionRatio.R#L290   out ...
R/populationRatio.R#L129   ## ---------- helpers ---------- ...
R/populationRatio.R#L130   .stop_if <- function(cond, msg) { ...
R/populationRatio.R#L132   } ...
R/populationRatio.R#L134   ## ---------- validate inputs -------- ...
R/populationRatio.R#L135   .stop_if(is.null(model) || !inherits(m ...
R/populationRatio.R#L136            "`model` must be an object of ...
R/populationRatio.R#L138   required_fields <- c("condition_v", "K ...
R/populationRatio.R#L139   missing_fields <- setdiff(required_fie ...
R/populationRatio.R#L141   .stop_if(length(missing_fields) > 0, ...
R/populationRatio.R#L142            paste0("Missing required fiel ...
R/populationRatio.R#L143                   paste(missing_fields,  ...
R/populationRatio.R#L145   .stop_if(is.null(sampled_elements) ||  ...
R/populationRatio.R#L146            "`sampled_elements` must be a ...
R/populationRatio.R#L148   ## ---------- extract model parameters ...
R/populationRatio.R#L149   condition_v <- as.character(model$cond ...
R/populationRatio.R#L150   K <- as.integer(model$K) ...
R/populationRatio.R#L151   n_sam <- as.integer(model$n_sam) ...
R/populationRatio.R#L152   in_vivo <- isTRUE(model$in_vivo) ...
R/populationRatio.R#L154   conditions <- unique(condition_v) ...
R/populationRatio.R#L156   names(sampled_elements) <- conditions ...
R/populationRatio.R#L158   threshold <- 0 ...
R/populationRatio.R#L160   ## ---------- control group ---------- ...
R/populationRatio.R#L161   if (is.null(control_group)) { ...
R/populationRatio.R#L164   } ...
R/populationRatio.R#L166   .stop_if(!(control_group %in% conditio ...
R/populationRatio.R#L167            "`control_group` must be pres ...
R/populationRatio.R#L169   ## ---------- compute ratios --------- ...
R/populationRatio.R#L170   li_sam_ratio_V <- list() ...
R/populationRatio.R#L171   ratio_index <- 1 ...
R/populationRatio.R#L173   expmus_ref <- NULL ...
R/populationRatio.R#L175   for (k in seq_len(K)) { ...
R/populationRatio.R#L181              paste0("Missing sampled ele ...
R/populationRatio.R#L184       expmus_ref <- expmus ...
R/populationRatio.R#L185       next ...
R/populationRatio.R#L189              "Control group samples were ...
R/populationRatio.R#L193   } ...
R/populationRatio.R#L195   names(li_sam_ratio_V) <- setdiff(condi ...
R/populationRatio.R#L197   ## ---------- prepare data ---------- ...
R/populationRatio.R#L198   ratio_values <- unlist(li_sam_ratio_V) ...
R/populationRatio.R#L200   treat_vec <- rep(names(li_sam_ratio_V) ...
R/populationRatio.R#L202   data_ratio_V <- data.frame( ...
R/populationRatio.R#L206   ) ...
R/populationRatio.R#L208   data_ratio_V$treat <- factor( ...
R/populationRatio.R#L211   ) ...
R/populationRatio.R#L213   ## ---------- CDF calculation -------- ...
R/populationRatio.R#L214   get_cdf_value <- function(x, threshold ...
R/populationRatio.R#L216   } ...
R/populationRatio.R#L218   cdf_data <- dplyr::group_by(data_ratio ...
R/populationRatio.R#L220   cdf_data <- dplyr::summarise( ...
R/populationRatio.R#L223   ) ...
R/populationRatio.R#L225   cdf_data <- dplyr::arrange(cdf_data, C ...
R/populationRatio.R#L227   ## ---------- quantile filtering ----- ...
R/populationRatio.R#L228   filtered_data <- dplyr::group_by(data_ ...
R/populationRatio.R#L230   filtered_data <- dplyr::mutate( ...
R/populationRatio.R#L233       p_ratio <= stats::quantile(p_ratio ...
R/populationRatio.R#L234   ) ...
R/populationRatio.R#L236   filtered_data <- dplyr::filter(filtere ...
R/populationRatio.R#L238   filtered_data <- dplyr::ungroup(filter ...
R/populationRatio.R#L240   ## ---------- merge ---------- ...
R/populationRatio.R#L241   merged_data <- dplyr::left_join(filter ...
R/populationRatio.R#L243   ## ---------- plot ---------- ...
R/populationRatio.R#L244   plot_ratio_v <- ggplot2::ggplot( ...
R/populationRatio.R#L247   ) + ...
R/populationRatio.R#L249       draw_quantiles = c(0.25, 0.5, 0.75 ...
R/populationRatio.R#L250       fill = "deepskyblue", ...
R/populationRatio.R#L251       alpha = 0.7, ...
R/populationRatio.R#L252       trim = FALSE ...
R/populationRatio.R#L255       yintercept = threshold, ...
R/populationRatio.R#L256       linetype = "dashed", ...
R/populationRatio.R#L257       colour = "blue", ...
R/populationRatio.R#L258       linewidth = 1.5 ...
R/populationRatio.R#L261       x = "Treatment", ...
R/populationRatio.R#L262       y = if (in_vivo) { ...
R/populationRatio.R#L264       } else { ...
R/populationRatio.R#L266       } ...
R/populationRatio.R#L269       panel.border = ggplot2::element_re ...
R/populationRatio.R#L273       ), ...
R/populationRatio.R#L274       axis.text.x = ggplot2::element_tex ...
R/populationRatio.R#L279       ), ...
R/populationRatio.R#L280       axis.text.y = ggplot2::element_tex ...
R/populationRatio.R#L281       axis.title.x = ggplot2::element_te ...
R/populationRatio.R#L282       axis.title.y = ggplot2::element_te ...
R/populationRatio.R#L283       plot.margin = ggplot2::margin(20,  ...
R/populationRatio.R#L286   ## ---------- return ---------- ...
R/populationRatio.R#L287   out <-list( ...
R/populationRatio.R#L292   ) ...
R/populationRatio.R#L293   class(out) <- "barmixR_result" ...
R/populationRatio.R#L294   out ...
R/ppcBarcodes.R#L114   ## ---------- helpers ---------- ...
R/ppcBarcodes.R#L115   .stop_if <- function(cond, msg) { ...
R/ppcBarcodes.R#L117   } ...
R/ppcBarcodes.R#L119   ## ---------- validate inputs -------- ...
R/ppcBarcodes.R#L120   .stop_if(is.null(model) || !inherits(m ...
R/ppcBarcodes.R#L121            "`model` must be an object of ...
R/ppcBarcodes.R#L123   required_fields <- c( ...
R/ppcBarcodes.R#L133   ) ...
R/ppcBarcodes.R#L135   missing_fields <- setdiff(required_fie ...
R/ppcBarcodes.R#L137   .stop_if(is.null(model) || !inherits(m ...
R/ppcBarcodes.R#L138            "`model` must be an object of ...
R/ppcBarcodes.R#L140   .stop_if(!requireNamespace("rstan", qu ...
R/ppcBarcodes.R#L141            "Package `rstan` is required  ...
R/ppcBarcodes.R#L143   ## ---------- extract model components ...
R/ppcBarcodes.R#L144   group <- model$group ...
R/ppcBarcodes.R#L145   condition_count <- as.character(model$ ...
R/ppcBarcodes.R#L146   n_sam <- as.integer(model$n_sam) ...
R/ppcBarcodes.R#L147   fit_dir_mult <- model$fit_dir_mult ...
R/ppcBarcodes.R#L148   L <- as.integer(model$L) ...
R/ppcBarcodes.R#L149   names_cell <- as.character(model$names ...
R/ppcBarcodes.R#L150   y <- as.matrix(model$data_count) ...
R/ppcBarcodes.R#L151   K <- as.integer(model$K) ...
R/ppcBarcodes.R#L153   n <- nrow(y) ...
R/ppcBarcodes.R#L154   L_cell <- length(names_cell) ...
R/ppcBarcodes.R#L156   conditions <- unique(model$condition_c ...
R/ppcBarcodes.R#L158   ## ---------- extract posterior sample ...
R/ppcBarcodes.R#L159   yrep_ab <- rstan::extract(fit_dir_mult ...
R/ppcBarcodes.R#L160   softmax_fraction <- rstan::extract(fit ...
R/ppcBarcodes.R#L161   kappa <- rstan::extract(fit_dir_mult,  ...
R/ppcBarcodes.R#L163   ## ---------- normalize predicted frac ...
R/ppcBarcodes.R#L164   for (j in seq_len(nrow(y))) { ...
R/ppcBarcodes.R#L166       t(apply(softmax_fraction[, j, ] *  ...
R/ppcBarcodes.R#L167               function(row) row / sum(ro ...
R/ppcBarcodes.R#L168   } ...
R/ppcBarcodes.R#L170   ## ---------- prepare PPC samples ---- ...
R/ppcBarcodes.R#L171   final_matrix <- list() ...
R/ppcBarcodes.R#L172   sampled_elements <- list() ...
R/ppcBarcodes.R#L173   sampled_fraction <- list() ...
R/ppcBarcodes.R#L174   fraction_matrix <- list() ...
R/ppcBarcodes.R#L176   seq_list <- split(seq_len(nrow(y)), gr ...
R/ppcBarcodes.R#L178   for (k in seq_len(K)) { ...
R/ppcBarcodes.R#L185       unlist(vectors_list), ...
R/ppcBarcodes.R#L186       nrow = dim(unc_volume_treat)[1] *  ...
R/ppcBarcodes.R#L187       ncol = L_cell, ...
R/ppcBarcodes.R#L188       byrow = FALSE ...
R/ppcBarcodes.R#L192       final_matrix[[k]][ ...
R/ppcBarcodes.R#L194       ] ...
R/ppcBarcodes.R#L200       unlist(fraction), ...
R/ppcBarcodes.R#L201       nrow = dim(unc_volume_treat)[1] *  ...
R/ppcBarcodes.R#L202       ncol = L_cell, ...
R/ppcBarcodes.R#L203       byrow = FALSE ...
R/ppcBarcodes.R#L207       fraction_matrix[[k]][ ...
R/ppcBarcodes.R#L209       ] ...
R/ppcBarcodes.R#L210   } ...
R/ppcBarcodes.R#L211   names(sampled_fraction) <- conditions ...
R/ppcBarcodes.R#L212   ## ---------- prepare visualization da ...
R/ppcBarcodes.R#L213   cell_ID <- ave( ...
R/ppcBarcodes.R#L217       if (length(x) > 1) paste0(x, seq_a ...
R/ppcBarcodes.R#L219   ) ...
R/ppcBarcodes.R#L221   cell_bar <- rep( ...
R/ppcBarcodes.R#L224   ) ...
R/ppcBarcodes.R#L226   treatments <- rep( ...
R/ppcBarcodes.R#L229   ) ...
R/ppcBarcodes.R#L231   data_real <- data.frame( ...
R/ppcBarcodes.R#L236   ) ...
R/ppcBarcodes.R#L238   data_ppc <- data.frame( ...
R/ppcBarcodes.R#L243   ) ...
R/ppcBarcodes.R#L245   data_ppc$treat <- factor(data_ppc$trea ...
R/ppcBarcodes.R#L247   ## ---------- plot ---------- ...
R/ppcBarcodes.R#L248   ppc_plot <- ggplot2::ggplot( ...
R/ppcBarcodes.R#L251   ) + ...
R/ppcBarcodes.R#L253       scale = "width", ...
R/ppcBarcodes.R#L254       trim = FALSE ...
R/ppcBarcodes.R#L258       data = data_real, ...
R/ppcBarcodes.R#L259       ggplot2::aes(x = cell, y = count) ...
R/ppcBarcodes.R#L262       x = "Cell", ...
R/ppcBarcodes.R#L263       y = "Absolute abundance & uncertai ...
R/ppcBarcodes.R#L264       fill = "Cell" ...
R/ppcBarcodes.R#L267       axis.text.x = ggplot2::element_tex ...
R/ppcBarcodes.R#L272       ), ...
R/ppcBarcodes.R#L273       axis.text.y = ggplot2::element_tex ...
R/ppcBarcodes.R#L274       axis.title.x = ggplot2::element_te ...
R/ppcBarcodes.R#L275       axis.title.y = ggplot2::element_te ...
R/ppcBarcodes.R#L276       strip.text = ggplot2::element_text ...
R/ppcBarcodes.R#L277       plot.margin = ggplot2::margin(20,  ...
R/ppcBarcodes.R#L278       legend.title = ggplot2::element_te ...
R/ppcBarcodes.R#L279       legend.text = ggplot2::element_tex ...
R/ppcBarcodes.R#L284   ## ---------- return ---------- ...
R/ppcBarcodes.R#L285   out <-list( ...
R/ppcBarcodes.R#L289   ) ...
R/ppcBarcodes.R#L290   class(out) <- "barmixR_diagnostic" ...
R/ppcBarcodes.R#L291   out ...
R/ppcPopulation.R#L115   ## ---------- helpers ---------- ...
R/ppcPopulation.R#L116   .stop_if <- function(cond, msg) { ...
R/ppcPopulation.R#L118   } ...
R/ppcPopulation.R#L120   ## ---------- validate inputs -------- ...
R/ppcPopulation.R#L121   .stop_if(is.null(model) || !inherits(m ...
R/ppcPopulation.R#L122            "`model` must be an object of ...
R/ppcPopulation.R#L124   required_fields <- c("condition_v", "f ...
R/ppcPopulation.R#L125   missing_fields <- setdiff(required_fie ...
R/ppcPopulation.R#L127   .stop_if(length(missing_fields) > 0, ...
R/ppcPopulation.R#L128            paste0("Missing required fiel ...
R/ppcPopulation.R#L129                   paste(missing_fields,  ...
R/ppcPopulation.R#L131   .stop_if(!requireNamespace("rstan", qu ...
R/ppcPopulation.R#L132            "Package `rstan` is required  ...
R/ppcPopulation.R#L134   ## ---------- extract model elements - ...
R/ppcPopulation.R#L135   condition_v <- as.character(model$cond ...
R/ppcPopulation.R#L136   fit_V <- model$fit_V ...
R/ppcPopulation.R#L137   V <- as.numeric(model$V) ...
R/ppcPopulation.R#L138   n_sam <- as.integer(model$n_sam) ...
R/ppcPopulation.R#L139   VT0 <- model$VT0 ...
R/ppcPopulation.R#L141   conditions <- unique(condition_v) ...
R/ppcPopulation.R#L143   ## ---------- extract posterior predic ...
R/ppcPopulation.R#L144   yrep_V <- rstan::extract(fit_V, "ypred ...
R/ppcPopulation.R#L146   if (is.null(VT0)) { ...
R/ppcPopulation.R#L148   } else { ...
R/ppcPopulation.R#L150       matrix(rep(VT0, each = nrow(yrep_V ...
R/ppcPopulation.R#L151   } ...
R/ppcPopulation.R#L153   ## ---------- group indices ---------- ...
R/ppcPopulation.R#L154   rep_per_treat <- table(factor(conditio ...
R/ppcPopulation.R#L156   start <- 1 ...
R/ppcPopulation.R#L157   end <- cumsum(rep_per_treat) ...
R/ppcPopulation.R#L159   seq_list <- vector("list", length(rep_ ...
R/ppcPopulation.R#L161   for (i in seq_along(rep_per_treat)) { ...
R/ppcPopulation.R#L164   } ...
R/ppcPopulation.R#L166   ## ---------- sample predictive uncert ...
R/ppcPopulation.R#L167   unc_V_treat <- vector("list", length(s ...
R/ppcPopulation.R#L168   unc_V_treat_ppc <- vector("list", leng ...
R/ppcPopulation.R#L170   for (i in seq_along(seq_list)) { ...
R/ppcPopulation.R#L173       as.vector(uncertainty_V[, seq_list ...
R/ppcPopulation.R#L176       as.vector(yrep_V[, seq_list[[i]]]) ...
R/ppcPopulation.R#L177   } ...
R/ppcPopulation.R#L179   sampled_elements <- ...
R/ppcPopulation.R#L181   names(sampled_elements) <- conditions ...
R/ppcPopulation.R#L182   sampled_elements_ppc <- ...
R/ppcPopulation.R#L185   ## ---------- prepare plotting data -- ...
R/ppcPopulation.R#L186   gr_lev <- rep( ...
R/ppcPopulation.R#L189   ) ...
R/ppcPopulation.R#L191   approx_data <- data.frame( ...
R/ppcPopulation.R#L195   ) ...
R/ppcPopulation.R#L197   approx_data_Nor_V <- data.frame( ...
R/ppcPopulation.R#L201   ) ...
R/ppcPopulation.R#L203   data_v <- data.frame( ...
R/ppcPopulation.R#L206   ) ...
R/ppcPopulation.R#L208   if (!is.null(VT0)) { ...
R/ppcPopulation.R#L210       V = V / VT0, ...
R/ppcPopulation.R#L211       treat = factor(condition_v, levels ...
R/ppcPopulation.R#L213   } ...
R/ppcPopulation.R#L215   ## ---------- determine labels ------- ...
R/ppcPopulation.R#L216   y_label <- if (all(V >= 0 & V <= 1)) { ...
R/ppcPopulation.R#L218   } else if (all(V > 0)) { ...
R/ppcPopulation.R#L220   } else { ...
R/ppcPopulation.R#L222   } ...
R/ppcPopulation.R#L224   y_label_Nor <- if (all(V >= 0 & V <= 1 ...
R/ppcPopulation.R#L226   } else { ...
R/ppcPopulation.R#L228   } ...
R/ppcPopulation.R#L230   ## ---------- PPC plot ---------- ...
R/ppcPopulation.R#L231   ppc_plot <- ggplot2::ggplot() + ...
R/ppcPopulation.R#L233       data = approx_data, ...
R/ppcPopulation.R#L234       ggplot2::aes(x = treatment, y = pr ...
R/ppcPopulation.R#L235       fill = "deepskyblue", ...
R/ppcPopulation.R#L236       alpha = 0.7, ...
R/ppcPopulation.R#L237       scale = "area", ...
R/ppcPopulation.R#L238       trim = FALSE ...
R/ppcPopulation.R#L241       data = data_v, ...
R/ppcPopulation.R#L242       ggplot2::aes(x = treat, y = V), ...
R/ppcPopulation.R#L243       colour = "red", ...
R/ppcPopulation.R#L244       size = 2 ...
R/ppcPopulation.R#L247       x = "Treatment", ...
R/ppcPopulation.R#L248       y = y_label ...
R/ppcPopulation.R#L251       panel.border = ggplot2::element_re ...
R/ppcPopulation.R#L255       ), ...
R/ppcPopulation.R#L256       axis.text.x = ggplot2::element_tex ...
R/ppcPopulation.R#L261       ), ...
R/ppcPopulation.R#L262       axis.text.y = ggplot2::element_tex ...
R/ppcPopulation.R#L263       axis.title.x = ggplot2::element_te ...
R/ppcPopulation.R#L264       axis.title.y = ggplot2::element_te ...
R/ppcPopulation.R#L265       plot.margin = ggplot2::margin(20,  ...
R/ppcPopulation.R#L269   ## ---------- normalized PPC --------- ...
R/ppcPopulation.R#L270   ppc_plot_Nor_V <- NULL ...
R/ppcPopulation.R#L272   if (!is.null(VT0)) { ...
R/ppcPopulation.R#L275       ggplot2::geom_violin( ...
R/ppcPopulation.R#L282       ) + ...
R/ppcPopulation.R#L283       ggplot2::geom_point( ...
R/ppcPopulation.R#L288       ) + ...
R/ppcPopulation.R#L289       ggplot2::labs( ...
R/ppcPopulation.R#L292       ) + ...
R/ppcPopulation.R#L293       ggplot2::theme( ...
R/ppcPopulation.R#L295           colour = "black", ...
R/ppcPopulation.R#L296           fill = NA, ...
R/ppcPopulation.R#L297           linewidth = 2 ...
R/ppcPopulation.R#L300           face = "bold", ...
R/ppcPopulation.R#L301           size = 14, ...
R/ppcPopulation.R#L302           angle = 45, ...
R/ppcPopulation.R#L303           hjust = 1 ...
R/ppcPopulation.R#L309       ) + ...
R/ppcPopulation.R#L310       ggplot2::scale_y_log10() ...
R/ppcPopulation.R#L311   } ...
R/ppcPopulation.R#L313   ## ---------- return ---------- ...
R/ppcPopulation.R#L314  out <-list( ...
R/ppcPopulation.R#L320   ) ...
R/ppcPopulation.R#L321   class(out) <- "barmixR_diagnostic" ...
R/ppcPopulation.R#L322   out ...
R/QTRDecision.R#L147    ...
R/QTRDecision.R#L148   ## ---------- helpers ---------- ...
R/QTRDecision.R#L149   .stop_if <- function(cond, msg) { ...
R/QTRDecision.R#L151   } ...
R/QTRDecision.R#L152    ...
R/QTRDecision.R#L153   ## ---------- validate inputs -------- ...
R/QTRDecision.R#L154   .stop_if(is.null(model) || !inherits(m ...
R/QTRDecision.R#L155            "`model` must be an object of ...
R/QTRDecision.R#L156    ...
R/QTRDecision.R#L157   .stop_if(is.null(model$names_cell), ...
R/QTRDecision.R#L158            "`model$names_cell` is missin ...
R/QTRDecision.R#L159    ...
R/QTRDecision.R#L160   summary_table <- as.data.frame(summary ...
R/QTRDecision.R#L161    ...
R/QTRDecision.R#L162   required_cols <- c( ...
R/QTRDecision.R#L165   ) ...
R/QTRDecision.R#L166   missing_cols <- setdiff(required_cols, ...
R/QTRDecision.R#L167    ...
R/QTRDecision.R#L168   .stop_if(length(missing_cols) > 0, ...
R/QTRDecision.R#L169            paste0("Missing required colu ...
R/QTRDecision.R#L170                   paste(missing_cols, co ...
R/QTRDecision.R#L171    ...
R/QTRDecision.R#L172   ## ---------- prepare rank summary --- ...
R/QTRDecision.R#L173   rank_summary <- summary_table ...
R/QTRDecision.R#L174   rank_summary$cell <- as.character(rank ...
R/QTRDecision.R#L175   rank_summary$treat <- as.character(ran ...
R/QTRDecision.R#L176    ...
R/QTRDecision.R#L177   rank_summary <- dplyr::group_by(rank_s ...
R/QTRDecision.R#L178   rank_summary <- dplyr::arrange(rank_su ...
R/QTRDecision.R#L179   rank_summary <- dplyr::mutate(rank_sum ...
R/QTRDecision.R#L180   rank_summary <- dplyr::ungroup(rank_su ...
R/QTRDecision.R#L181    ...
R/QTRDecision.R#L182   ## ---------- per-cell plots --------- ...
R/QTRDecision.R#L183   split_data <- split(rank_summary, rank ...
R/QTRDecision.R#L184    ...
R/QTRDecision.R#L185   plot_list <- lapply(split_data, functi ...
R/QTRDecision.R#L192       ggplot2::geom_vline( ...
R/QTRDecision.R#L197       ) + ...
R/QTRDecision.R#L198       ## whiskers ...
R/QTRDecision.R#L199       ggplot2::geom_segment( ...
R/QTRDecision.R#L201           x = lower_whisker, ...
R/QTRDecision.R#L202           xend = q25, ...
R/QTRDecision.R#L203           y = y, ...
R/QTRDecision.R#L204           yend = y ...
R/QTRDecision.R#L208       ) + ...
R/QTRDecision.R#L209       ggplot2::geom_segment( ...
R/QTRDecision.R#L211           x = q75, ...
R/QTRDecision.R#L212           xend = upper_whisker, ...
R/QTRDecision.R#L213           y = y, ...
R/QTRDecision.R#L214           yend = y ...
R/QTRDecision.R#L218       ) + ...
R/QTRDecision.R#L219       ## box ...
R/QTRDecision.R#L220       ggplot2::geom_rect( ...
R/QTRDecision.R#L222           xmin = q25, ...
R/QTRDecision.R#L223           xmax = q75, ...
R/QTRDecision.R#L224           ymin = y - 0.25, ...
R/QTRDecision.R#L225           ymax = y + 0.25 ...
R/QTRDecision.R#L230       ) + ...
R/QTRDecision.R#L231       ## median ...
R/QTRDecision.R#L232       ggplot2::geom_segment( ...
R/QTRDecision.R#L234           x = median, ...
R/QTRDecision.R#L235           xend = median, ...
R/QTRDecision.R#L236           y = y - 0.25, ...
R/QTRDecision.R#L237           yend = y + 0.25 ...
R/QTRDecision.R#L241       ) + ...
R/QTRDecision.R#L242       ggplot2::scale_y_continuous( ...
R/QTRDecision.R#L246       ) + ...
R/QTRDecision.R#L247       ggplot2::labs( ...
R/QTRDecision.R#L251       ) + ...
R/QTRDecision.R#L252       ggplot2::theme_minimal(base_size = ...
R/QTRDecision.R#L253       ggplot2::theme( ...
R/QTRDecision.R#L266       ) ...
R/QTRDecision.R#L267   }) ...
R/QTRDecision.R#L268    ...
R/QTRDecision.R#L269   ## ---------- reorder panels if reques ...
R/QTRDecision.R#L270   if (!is.null(cell_order)) { ...
R/QTRDecision.R#L274   } ...
R/QTRDecision.R#L275    ...
R/QTRDecision.R#L276   ## ---------- combine plots ---------- ...
R/QTRDecision.R#L277   combined_plot <- patchwork::wrap_plots ...
R/QTRDecision.R#L278    ...
R/QTRDecision.R#L279   if (!is.null(legend_text)) { ...
R/QTRDecision.R#L281       ggplot2::annotate( ...
R/QTRDecision.R#L289       ) + ...
R/QTRDecision.R#L290       ggplot2::coord_cartesian( ...
R/QTRDecision.R#L294       ) + ...
R/QTRDecision.R#L295       ggplot2::theme_void() + ...
R/QTRDecision.R#L296       ggplot2::theme( ...
R/QTRDecision.R#L298           fill = "gray95", ...
R/QTRDecision.R#L299           color = "black", ...
R/QTRDecision.R#L300           linewidth = 0.5 ...
R/QTRDecision.R#L303       ) ...
R/QTRDecision.R#L306       patchwork::plot_layout(heights = c ...
R/QTRDecision.R#L307   } ...
R/QTRDecision.R#L308    ...
R/QTRDecision.R#L309   ## ---------- return ---------- ...
R/QTRDecision.R#L310   out <- list( ...
R/QTRDecision.R#L314   ) ...
R/QTRDecision.R#L315   class(out) <- "barmixR_result" ...
R/QTRDecision.R#L316   out ...
R/QTRheatmap.R#L159   ## ---------- helpers ---------- ...
R/QTRheatmap.R#L160   .stop_if <- function(cond, msg) { ...
R/QTRheatmap.R#L162   } ...
R/QTRheatmap.R#L164   ## ---------- validate inputs -------- ...
R/QTRheatmap.R#L165   .stop_if(is.null(model) || !inherits(m ...
R/QTRheatmap.R#L166            "`model` must be an object of ...
R/QTRheatmap.R#L168   .stop_if(is.null(model$condition_count ...
R/QTRheatmap.R#L169            "`model$condition_count` is m ...
R/QTRheatmap.R#L171   summary_table <- as.data.frame(summary ...
R/QTRheatmap.R#L173   required_cols <- c("cell", "treat", "m ...
R/QTRheatmap.R#L175  .stop_if(!all(required_cols %in% names( ...
R/QTRheatmap.R#L176           "`summary_table` must contain  ...
R/QTRheatmap.R#L178   condition_count <- unique(model$condit ...
R/QTRheatmap.R#L180   ## ---------- combine inputs --------- ...
R/QTRheatmap.R#L181   cdf_mean <- summary_table ...
R/QTRheatmap.R#L183   result_list <- list() ...
R/QTRheatmap.R#L185   ## ---------- compute pairwise differe ...
R/QTRheatmap.R#L186   for (treatment in unique(cdf_mean$trea ...
R/QTRheatmap.R#L191       for (j in seq_len(nrow(subset_data ...
R/QTRheatmap.R#L195           direction_val <- 2 * ((1 - sub ...
R/QTRheatmap.R#L196           mean_val <- abs(subset_data$me ...
R/QTRheatmap.R#L200           direction_val <- 0.5 * ( ...
R/QTRheatmap.R#L202               (1 - subset_data$CDF[j]) - ...
R/QTRheatmap.R#L203               (subset_data$CDF[i] - subs ...
R/QTRheatmap.R#L204           ) ...
R/QTRheatmap.R#L206           mean_val <- abs(subset_data$me ...
R/QTRheatmap.R#L210           new = subset_data$cell[i], ...
R/QTRheatmap.R#L211           new1 = subset_data$cell[j], ...
R/QTRheatmap.R#L212           Direction = direction_val, ...
R/QTRheatmap.R#L213           treat = treatment, ...
R/QTRheatmap.R#L214           Mean = mean_val ...
R/QTRheatmap.R#L216       } ...
R/QTRheatmap.R#L218   } ...
R/QTRheatmap.R#L220   result1 <- do.call(rbind, result_list) ...
R/QTRheatmap.R#L222   ## ---------- factor ordering -------- ...
R/QTRheatmap.R#L223   result1$new <- factor(result1$new, lev ...
R/QTRheatmap.R#L224   result1$new1 <- factor(result1$new1, l ...
R/QTRheatmap.R#L225   result1$treat <- factor(result1$treat, ...
R/QTRheatmap.R#L227   result1 <- dplyr::arrange(result1, tre ...
R/QTRheatmap.R#L229   blue_side <- c("#08306B","#08519C","#2 ...
R/QTRheatmap.R#L230                "#6BAED6","#9ECAE1","#C6D ...
R/QTRheatmap.R#L232   red_side  <- c("#FEE0D2","#FCBBA1","#F ...
R/QTRheatmap.R#L233                "#EF3B2C","#CB181D","#A50 ...
R/QTRheatmap.R#L234   cols <- c(blue_side, red_side) ...
R/QTRheatmap.R#L235   ## ---------- within-treatment heatmap ...
R/QTRheatmap.R#L236   bubel_heatmap_w <- ggplot2::ggplot( ...
R/QTRheatmap.R#L239       x = new, ...
R/QTRheatmap.R#L240       y = new1, ...
R/QTRheatmap.R#L241       size = Mean, ...
R/QTRheatmap.R#L242       color = Direction ...
R/QTRheatmap.R#L244   ) + ...
R/QTRheatmap.R#L250       colours = cols, ...
R/QTRheatmap.R#L251       limits = c(-1,1) ...
R/QTRheatmap.R#L254       size = ggplot2::guide_legend( ...
R/QTRheatmap.R#L259        ) ...
R/QTRheatmap.R#L260      ) ...
R/QTRheatmap.R#L263       x = "Cell line", ...
R/QTRheatmap.R#L264       y = "Cell line" ...
R/QTRheatmap.R#L267       axis.text.x = ggplot2::element_tex ...
R/QTRheatmap.R#L268       axis.text.y = ggplot2::element_tex ...
R/QTRheatmap.R#L269       axis.title.x = ggplot2::element_te ...
R/QTRheatmap.R#L270       axis.title.y = ggplot2::element_te ...
R/QTRheatmap.R#L271       strip.text = ggplot2::element_text ...
R/QTRheatmap.R#L272       plot.margin = ggplot2::margin(20,2 ...
R/QTRheatmap.R#L275   ## ---------- treatment-level heatmap  ...
R/QTRheatmap.R#L276   result_home <- result1[result1$new ==  ...
R/QTRheatmap.R#L278   bubel_heatmap_b <- ggplot2::ggplot( ...
R/QTRheatmap.R#L281       x = treat, ...
R/QTRheatmap.R#L282       y = new1, ...
R/QTRheatmap.R#L283       size = Mean, ...
R/QTRheatmap.R#L284       color = Direction ...
R/QTRheatmap.R#L286   ) + ...
R/QTRheatmap.R#L291       colours = cols, ...
R/QTRheatmap.R#L292       limits = c(-1,1) ...
R/QTRheatmap.R#L295       size = ggplot2::guide_legend( ...
R/QTRheatmap.R#L300        ) ...
R/QTRheatmap.R#L301      ) ...
R/QTRheatmap.R#L304       x = "Treatment", ...
R/QTRheatmap.R#L305       y = "Cell line" ...
R/QTRheatmap.R#L308       axis.text.x = ggplot2::element_tex ...
R/QTRheatmap.R#L309       axis.text.y = ggplot2::element_tex ...
R/QTRheatmap.R#L310       axis.title.x = ggplot2::element_te ...
R/QTRheatmap.R#L311       axis.title.y = ggplot2::element_te ...
R/QTRheatmap.R#L312       panel.border = ggplot2::element_re ...
R/QTRheatmap.R#L313       plot.margin = ggplot2::margin(20,2 ...
R/QTRheatmap.R#L316   ## ---------- return ---------- ...
R/QTRheatmap.R#L317   out <-list( ...
R/QTRheatmap.R#L321   ) ...
R/QTRheatmap.R#L322   class(out) <- "barmixR_result" ...
R/QTRheatmap.R#L323   out ...
R/QTRresistance.R#L161    ...
R/QTRresistance.R#L162   ## ---------- helpers ---------- ...
R/QTRresistance.R#L163   .stop_if <- function(cond, msg) { ...
R/QTRresistance.R#L165   } ...
R/QTRresistance.R#L166    ...
R/QTRresistance.R#L167   ## ---------- validate inputs -------- ...
R/QTRresistance.R#L168   .stop_if(is.null(model) || !inherits(m ...
R/QTRresistance.R#L169            "`model` must be an object of ...
R/QTRresistance.R#L170    ...
R/QTRresistance.R#L171   required_fields <- c("names_cell", "n_ ...
R/QTRresistance.R#L172   missing_fields <- setdiff(required_fie ...
R/QTRresistance.R#L173    ...
R/QTRresistance.R#L174   .stop_if(length(missing_fields) > 0, ...
R/QTRresistance.R#L175            paste0("Missing required fiel ...
R/QTRresistance.R#L176                   paste(missing_fields,  ...
R/QTRresistance.R#L177    ...
R/QTRresistance.R#L178   .stop_if(is.null(li_sam_ratio_relative ...
R/QTRresistance.R#L179            "`li_sam_ratio_relative` must ...
R/QTRresistance.R#L180    ...
R/QTRresistance.R#L181   .stop_if(is.null(li_sam_ratio_V) || !i ...
R/QTRresistance.R#L182            "`li_sam_ratio_V` must be a l ...
R/QTRresistance.R#L183    ...
R/QTRresistance.R#L184   ## ---------- extract model elements - ...
R/QTRresistance.R#L185   cell <- unique(model$names_cell) ...
R/QTRresistance.R#L186   n_sam <- as.integer(model$n_sam) ...
R/QTRresistance.R#L187   L <- as.integer(model$L) ...
R/QTRresistance.R#L188   time_d <- as.numeric(model$time_d) ...
R/QTRresistance.R#L189    ...
R/QTRresistance.R#L190   listm <- li_sam_ratio_relative ...
R/QTRresistance.R#L191   listv <- li_sam_ratio_V ...
R/QTRresistance.R#L192    ...
R/QTRresistance.R#L193   ## ---------- compute resistance ----- ...
R/QTRresistance.R#L194   result <- list() ...
R/QTRresistance.R#L195   result_qu <- list() ...
R/QTRresistance.R#L196    ...
R/QTRresistance.R#L197   for (name in intersect(names(listm), n ...
R/QTRresistance.R#L203              paste0("`li_sam_ratio_relat ...
R/QTRresistance.R#L206              paste0("`li_sam_ratio_V[['" ...
R/QTRresistance.R#L209       matrix_val * ...
R/QTRresistance.R#L210       matrix(vector_val, ...
R/QTRresistance.R#L211              nrow = nrow(matrix_val), ...
R/QTRresistance.R#L212              ncol = ncol(matrix_val)) ...
R/QTRresistance.R#L215       matrix_val * ...
R/QTRresistance.R#L216       stats::quantile(vector_val, probs  ...
R/QTRresistance.R#L217   } ...
R/QTRresistance.R#L218    ...
R/QTRresistance.R#L219   treat_names <- names(result) ...
R/QTRresistance.R#L220    ...
R/QTRresistance.R#L221   ## ---------- combine results -------- ...
R/QTRresistance.R#L222   all_eff <- unlist(result) ...
R/QTRresistance.R#L223   qu_eff <- unlist(result_qu) ...
R/QTRresistance.R#L224    ...
R/QTRresistance.R#L225   treat_vec <- rep(treat_names, each = L ...
R/QTRresistance.R#L226   cell_vec <- rep(rep(cell, each = n_sam ...
R/QTRresistance.R#L227    ...
R/QTRresistance.R#L228   data_g <- data.frame( ...
R/QTRresistance.R#L234   ) ...
R/QTRresistance.R#L235    ...
R/QTRresistance.R#L236   ## ---------- CDF calculation -------- ...
R/QTRresistance.R#L237   get_cdf_value <- function(x, threshold ...
R/QTRresistance.R#L239   } ...
R/QTRresistance.R#L240    ...
R/QTRresistance.R#L241   cdf_data <- dplyr::group_by(data_g, ce ...
R/QTRresistance.R#L242    ...
R/QTRresistance.R#L243   cdf_data <- dplyr::summarise( ...
R/QTRresistance.R#L247   ) ...
R/QTRresistance.R#L248    ...
R/QTRresistance.R#L249   ## ---------- quantile filtering ----- ...
R/QTRresistance.R#L250   filtered_data1 <- dplyr::group_by(data ...
R/QTRresistance.R#L251    ...
R/QTRresistance.R#L252   filtered_data1 <- dplyr::mutate( ...
R/QTRresistance.R#L255       all_eff <= stats::quantile(all_eff ...
R/QTRresistance.R#L256   ) ...
R/QTRresistance.R#L257    ...
R/QTRresistance.R#L258   filtered_data1 <- dplyr::filter(filter ...
R/QTRresistance.R#L259    ...
R/QTRresistance.R#L260   filtered_data1 <- dplyr::ungroup(filte ...
R/QTRresistance.R#L261    ...
R/QTRresistance.R#L262   ## ---------- mean resistance -------- ...
R/QTRresistance.R#L263   mean_data1 <- dplyr::group_by(filtered ...
R/QTRresistance.R#L264    ...
R/QTRresistance.R#L265   mean_data1 <- dplyr::summarise( ...
R/QTRresistance.R#L269   ) ...
R/QTRresistance.R#L270   ## ---------- tidy summary table ----- ...
R/QTRresistance.R#L271   summary_table <- dplyr::group_by(filte ...
R/QTRresistance.R#L272    ...
R/QTRresistance.R#L273   summary_table <- dplyr::summarise( ...
R/QTRresistance.R#L281   ) ...
R/QTRresistance.R#L282    ...
R/QTRresistance.R#L283   summary_table$CDF <- cdf_data$CDF[ ...
R/QTRresistance.R#L285       paste(summary_table$cell, summary_ ...
R/QTRresistance.R#L286       paste(cdf_data$cell, cdf_data$trea ...
R/QTRresistance.R#L288   ] ...
R/QTRresistance.R#L289    ...
R/QTRresistance.R#L290   iqr_val <- summary_table$q75 - summary ...
R/QTRresistance.R#L291   summary_table$lower_bound <- summary_t ...
R/QTRresistance.R#L292   summary_table$upper_bound <- summary_t ...
R/QTRresistance.R#L293    ...
R/QTRresistance.R#L294   summary_table$lower_whisker <- NA_real ...
R/QTRresistance.R#L295   summary_table$upper_whisker <- NA_real ...
R/QTRresistance.R#L296    ...
R/QTRresistance.R#L297   for (i in seq_len(nrow(summary_table)) ...
R/QTRresistance.R#L299       filtered_data1$cell == summary_tab ...
R/QTRresistance.R#L310   } ...
R/QTRresistance.R#L311    ...
R/QTRresistance.R#L312   summary_table$lower_bound <- NULL ...
R/QTRresistance.R#L313   summary_table$upper_bound <- NULL ...
R/QTRresistance.R#L314    ...
R/QTRresistance.R#L315   ## ---------- plot ---------- ...
R/QTRresistance.R#L316   treatment_resistance <- ggplot2::ggplo ...
R/QTRresistance.R#L319       x = cell, ...
R/QTRresistance.R#L320       y = all_eff, ...
R/QTRresistance.R#L321       fill = cell ...
R/QTRresistance.R#L323   ) + ...
R/QTRresistance.R#L325       draw_quantiles = c(0.25, 0.5, 0.75 ...
R/QTRresistance.R#L326       trim = FALSE ...
R/QTRresistance.R#L330       yintercept = 0, ...
R/QTRresistance.R#L331       linetype = "dashed", ...
R/QTRresistance.R#L332       colour = "blue", ...
R/QTRresistance.R#L333       linewidth = 1.5 ...
R/QTRresistance.R#L336       x = "Cell line", ...
R/QTRresistance.R#L337       y = "Treatment resistance (logₑ)", ...
R/QTRresistance.R#L338       fill = "Cell line" ...
R/QTRresistance.R#L341       axis.text.x = ggplot2::element_tex ...
R/QTRresistance.R#L346       ), ...
R/QTRresistance.R#L347       axis.text.y = ggplot2::element_tex ...
R/QTRresistance.R#L348       axis.title.x = ggplot2::element_te ...
R/QTRresistance.R#L349       axis.title.y = ggplot2::element_te ...
R/QTRresistance.R#L350       strip.text = ggplot2::element_text ...
R/QTRresistance.R#L351       plot.margin = ggplot2::margin(20,  ...
R/QTRresistance.R#L352       legend.title = ggplot2::element_te ...
R/QTRresistance.R#L353       legend.text = ggplot2::element_tex ...
R/QTRresistance.R#L355    ...
R/QTRresistance.R#L356   ## ---------- return ---------- ...
R/QTRresistance.R#L357   out <-list( ...
R/QTRresistance.R#L361   ) ...
R/QTRresistance.R#L362   class(out) <- "barmixR_result" ...
R/QTRresistance.R#L363   out ...
man/barmixRQTR.Rd#L8   data, ...
man/barmixRQTR.Rd#L9   control_group = NULL, ...
man/barmixRQTR.Rd#L10   dispersion = list(psi_mean = 0, psi_sd ...
man/barmixRQTR.Rd#L11   control = list(chains = 3, iter_count  ...
man/barmixRQTR.Rd#L12   time_d, ...
man/barmixRQTR.Rd#L13   q_up = 0.975, ...
man/barmixRQTR.Rd#L14   q_lo = 0.025, ...
man/barmixRQTR.Rd#L15   n_sam = NULL, ...
man/barmixRQTR.Rd#L16   in_vivo = TRUE, ...
man/barmixRQTR.Rd#L17   seed = NULL, ...
man/barmixRQTR.Rd#L18   verbose = FALSE, ...
man/barmixRQTR.Rd#L19   BPPARAM = NULL, ...
man/barmixRQTR.Rd#L20   ... ...
man/barmixRQTR.Rd#L32   specifying treatment groups correspond ...
man/barmixRQTR.Rd#L33   \code{data_count}. ...
man/barmixRQTR.Rd#L36   representing tumor volume in \\emph\{i ...
man/barmixRQTR.Rd#L37   confluency in \\emph\{in vitro\} assay ...
man/barmixRQTR.Rd#L40   treatment groups corresponding to entr ...
man/barmixRQTR.Rd#L43   identifiers corresponding to the colum ...
man/barmixRQTR.Rd#L46   size values used for normalization (tu ...
man/barmixRQTR.Rd#L47   \\emph\{in vivo\} experiments or confl ...
man/barmixRQTR.Rd#L48   assays). ...
man/barmixRQTR.Rd#L51   to adjust barcode compositions prior t ...
man/barmixRQTR.Rd#L66   on \code{psi} (default: 0.5). ...
man/barmixRQTR.Rd#L69   variance parameter \code{varphi} (defa ...
man/barmixRQTR.Rd#L72   prior on \code{varphi} (default: 0.01) ...
man/barmixRQTR.Rd#L82   composition model (default: 1000). ...
man/barmixRQTR.Rd#L85   model (default: 10000). ...
man/barmixRQTR.Rd#L88   (default: 3). ...
man/barmixRQTR.Rd#L91   to Stan. If \code{NULL}, Stan default  ...
man/barmixRQTR.Rd#L133   (tumor volume in \\emph\{in vivo\} exp ...
man/barmixRQTR.Rd#L134   \\emph\{in vitro\} assays). ...
man/barmixRQTR.Rd#L139   parameters used for model fitting. ...
man/barmixRQTR.Rd#L142   after preprocessing and filtering. ...
man/barmixRQTR.Rd#L145   treatment groups. ...
man/barmixRQTR.Rd#L148   labels for barcode counts and populati ...
man/barmixRQTR.Rd#L153   downstream analysis. ...
man/barmixRQTR.Rd#L156   fitted using the \\emph\{in vivo\} lik ...
man/barmixRQTR.Rd#L189   sample(1:50, 20, replace = TRUE), ...
man/barmixRQTR.Rd#L190   nrow = 4 ...
man/barmixRQTR.Rd#L195                          "TreatA_rep1",  ...
man/barmixRQTR.Rd#L205   data_count = data_count, ...
man/barmixRQTR.Rd#L206   condition_count = condition_count, ...
man/barmixRQTR.Rd#L207   V = V, ...
man/barmixRQTR.Rd#L208   condition_v = condition_count, ...
man/barmixRQTR.Rd#L209   cell_line = factor(colnames(data_count ...
man/barmixRQTR.Rd#L217   data = data, ...
man/barmixRQTR.Rd#L218   time_d = 10, ...
man/barmixRQTR.Rd#L219   control = list( ...
man/barmixRQTR.Rd#L224   ), ...
man/barmixRQTR.Rd#L225   seed = 123 ...
man/fractionRatio.Rd#L38   computed relative abundance ratios. ...
man/fractionRatio.Rd#L39    ...
man/fractionRatio.Rd#L65   sample(1:50, 20, replace = TRUE), ...
man/fractionRatio.Rd#L66   nrow = 4 ...
man/fractionRatio.Rd#L71                          "TreatA_rep1",  ...
man/fractionRatio.Rd#L81   data_count = data_count, ...
man/fractionRatio.Rd#L82   condition_count = condition_count, ...
man/fractionRatio.Rd#L83   V = V, ...
man/fractionRatio.Rd#L84   condition_v = condition_count, ...
man/fractionRatio.Rd#L85   cell_line = factor(colnames(data_count ...
man/fractionRatio.Rd#L93   data = data, ...
man/fractionRatio.Rd#L94   time_d = 10, ...
man/fractionRatio.Rd#L95   control = list( ...
man/fractionRatio.Rd#L100   ), ...
man/fractionRatio.Rd#L101   seed = 123 ...
man/fractionRatio.Rd#L115   model = fit, ...
man/fractionRatio.Rd#L116   sampled_fraction = ppc$sampled_fractio ...
man/populationRatio.Rd#L8   model, ...
man/populationRatio.Rd#L9   sampled_elements, ...
man/populationRatio.Rd#L10   q_up = 0.975, ...
man/populationRatio.Rd#L11   q_lo = 0.025, ...
man/populationRatio.Rd#L12   control_group = NULL ...
man/populationRatio.Rd#L49   size ratios. ...
man/populationRatio.Rd#L50    ...
man/populationRatio.Rd#L77   sample(1:50, 20, replace = TRUE), ...
man/populationRatio.Rd#L78   nrow = 4 ...
man/populationRatio.Rd#L83                          "TreatA_rep1",  ...
man/populationRatio.Rd#L93   data_count = data_count, ...
man/populationRatio.Rd#L94   condition_count = condition_count, ...
man/populationRatio.Rd#L95   V = V, ...
man/populationRatio.Rd#L96   condition_v = condition_count, ...
man/populationRatio.Rd#L97   cell_line = factor(colnames(data_count ...
man/populationRatio.Rd#L105   data = data, ...
man/populationRatio.Rd#L106   time_d = 10, ...
man/populationRatio.Rd#L107   control = list( ...
man/populationRatio.Rd#L112   ), ...
man/populationRatio.Rd#L113   seed = 123 ...
man/populationRatio.Rd#L126   model = fit, ...
man/populationRatio.Rd#L127   sampled_population = ppc_pop$sampled_p ...
man/ppcBarcodes.Rd#L37   compositional fractions used for downs ...
man/ppcBarcodes.Rd#L38    ...
man/ppcBarcodes.Rd#L64   sample(1:50, 20, replace = TRUE), ...
man/ppcBarcodes.Rd#L65   nrow = 4 ...
man/ppcBarcodes.Rd#L70                          "TreatA_rep1",  ...
man/ppcBarcodes.Rd#L80   data_count = data_count, ...
man/ppcBarcodes.Rd#L81   condition_count = condition_count, ...
man/ppcBarcodes.Rd#L82   V = V, ...
man/ppcBarcodes.Rd#L83   condition_v = condition_count, ...
man/ppcBarcodes.Rd#L84   cell_line = factor(colnames(data_count ...
man/ppcBarcodes.Rd#L92   data = data, ...
man/ppcBarcodes.Rd#L93   time_d = 10, ...
man/ppcBarcodes.Rd#L94   control = list( ...
man/ppcBarcodes.Rd#L99   ), ...
man/ppcBarcodes.Rd#L100   seed = 123 ...
man/ppcPopulation.Rd#L35   for normalized population size values  ...
man/ppcPopulation.Rd#L40   population size. ...
man/ppcPopulation.Rd#L41    ...
man/ppcPopulation.Rd#L69   sample(1:50, 20, replace = TRUE), ...
man/ppcPopulation.Rd#L70   nrow = 4 ...
man/ppcPopulation.Rd#L75                          "TreatA_rep1",  ...
man/ppcPopulation.Rd#L85   data_count = data_count, ...
man/ppcPopulation.Rd#L86   condition_count = condition_count, ...
man/ppcPopulation.Rd#L87   V = V, ...
man/ppcPopulation.Rd#L88   condition_v = condition_count, ...
man/ppcPopulation.Rd#L89   cell_line = factor(colnames(data_count ...
man/ppcPopulation.Rd#L97   data = data, ...
man/ppcPopulation.Rd#L98   time_d = 10, ...
man/ppcPopulation.Rd#L99   control = list( ...
man/ppcPopulation.Rd#L104   ), ...
man/ppcPopulation.Rd#L105   seed = 123 ...
man/QTRDecision.Rd#L8   model, ...
man/QTRDecision.Rd#L9   summary_table, ...
man/QTRDecision.Rd#L10   cell_order = NULL, ...
man/QTRDecision.Rd#L11   ncol = 4, ...
man/QTRDecision.Rd#L12   legend_text = NULL ...
man/QTRDecision.Rd#L67   sample(1:50, 20, replace = TRUE), ...
man/QTRDecision.Rd#L68   nrow = 4 ...
man/QTRDecision.Rd#L73                          "TreatA_rep1",  ...
man/QTRDecision.Rd#L83   data_count = data_count, ...
man/QTRDecision.Rd#L84   condition_count = condition_count, ...
man/QTRDecision.Rd#L85   V = V, ...
man/QTRDecision.Rd#L86   condition_v = condition_count, ...
man/QTRDecision.Rd#L87   cell_line = factor(colnames(data_count ...
man/QTRDecision.Rd#L95   data = data, ...
man/QTRDecision.Rd#L96   time_d = 10, ...
man/QTRDecision.Rd#L97   control = list( ...
man/QTRDecision.Rd#L102   ), ...
man/QTRDecision.Rd#L103   seed = 123 ...
man/QTRDecision.Rd#L115   model = fit, ...
man/QTRDecision.Rd#L116   sampled_fraction = ppc_bar$sampled_fra ...
man/QTRDecision.Rd#L124   model = fit, ...
man/QTRDecision.Rd#L125   sampled_population = ppc_pop$sampled_p ...
man/QTRDecision.Rd#L130   model = fit, ...
man/QTRDecision.Rd#L131   li_sam_ratio_relative = frac_ratio$li_ ...
man/QTRDecision.Rd#L132   li_sam_ratio_V = pop_ratio$li_sam_rati ...
man/QTRDecision.Rd#L140   model = fit, ...
man/QTRDecision.Rd#L141   summary_table = res$summary_table ...
man/QTRheatmap.Rd#L8   model, ...
man/QTRheatmap.Rd#L9   summary_table, ...
man/QTRheatmap.Rd#L10   q_up = 0.975, ...
man/QTRheatmap.Rd#L11   q_lo = 0.025, ...
man/QTRheatmap.Rd#L12   min_w = 1, ...
man/QTRheatmap.Rd#L13   max_w = 8, ...
man/QTRheatmap.Rd#L14   min_b = 1, ...
man/QTRheatmap.Rd#L15   max_b = 8 ...
man/QTRheatmap.Rd#L54   resistance differences across treatmen ...
man/QTRheatmap.Rd#L55    ...
man/QTRheatmap.Rd#L80   sample(1:50, 20, replace = TRUE), ...
man/QTRheatmap.Rd#L81   nrow = 4 ...
man/QTRheatmap.Rd#L86                          "TreatA_rep1",  ...
man/QTRheatmap.Rd#L96   data_count = data_count, ...
man/QTRheatmap.Rd#L97   condition_count = condition_count, ...
man/QTRheatmap.Rd#L98   V = V, ...
man/QTRheatmap.Rd#L99   condition_v = condition_count, ...
man/QTRheatmap.Rd#L100   cell_line = factor(colnames(data_count ...
man/QTRheatmap.Rd#L108   data = data, ...
man/QTRheatmap.Rd#L109   time_d = 10, ...
man/QTRheatmap.Rd#L110   control = list( ...
man/QTRheatmap.Rd#L115   ), ...
man/QTRheatmap.Rd#L116   seed = 123 ...
man/QTRheatmap.Rd#L128   model = fit, ...
man/QTRheatmap.Rd#L129   sampled_fraction = ppc_bar$sampled_fra ...
man/QTRheatmap.Rd#L137   model = fit, ...
man/QTRheatmap.Rd#L138   sampled_population = ppc_pop$sampled_p ...
man/QTRheatmap.Rd#L143   model = fit, ...
man/QTRheatmap.Rd#L144   li_sam_ratio_relative = frac_ratio$li_ ...
man/QTRheatmap.Rd#L145   li_sam_ratio_V = pop_ratio$li_sam_rati ...
man/QTRheatmap.Rd#L153   model = fit, ...
man/QTRheatmap.Rd#L154   summary_table = res$summary_table ...
man/QTRresistance.Rd#L8   model, ...
man/QTRresistance.Rd#L9   li_sam_ratio_relative, ...
man/QTRresistance.Rd#L10   li_sam_ratio_V, ...
man/QTRresistance.Rd#L11   q_up = 0.975, ...
man/QTRresistance.Rd#L12   q_lo = 0.025 ...
man/QTRresistance.Rd#L47   resistance statistics for each cell li ...
man/QTRresistance.Rd#L48   including: ...
man/QTRresistance.Rd#L49   \\itemize\{ ...
man/QTRresistance.Rd#L60       evaluated at zero resistance. ...
man/QTRresistance.Rd#L61   \} ...
man/QTRresistance.Rd#L92   sample(1:50, 20, replace = TRUE), ...
man/QTRresistance.Rd#L93   nrow = 4 ...
man/QTRresistance.Rd#L98                          "TreatA_rep1",  ...
man/QTRresistance.Rd#L108   data_count = data_count, ...
man/QTRresistance.Rd#L109   condition_count = condition_count, ...
man/QTRresistance.Rd#L110   V = V, ...
man/QTRresistance.Rd#L111   condition_v = condition_count, ...
man/QTRresistance.Rd#L112   cell_line = factor(colnames(data_count ...
man/QTRresistance.Rd#L120   data = data, ...
man/QTRresistance.Rd#L121   time_d = 10, ...
man/QTRresistance.Rd#L122   control = list( ...
man/QTRresistance.Rd#L127   ), ...
man/QTRresistance.Rd#L128   seed = 123 ...
man/QTRresistance.Rd#L140   model = fit, ...
man/QTRresistance.Rd#L141   sampled_fraction = ppc_bar$sampled_fra ...
man/QTRresistance.Rd#L149   model = fit, ...
man/QTRresistance.Rd#L150   sampled_population = ppc_pop$sampled_p ...
man/QTRresistance.Rd#L158   model = fit, ...
man/QTRresistance.Rd#L159   li_sam_ratio_relative = frac_ratio$li_ ...
man/QTRresistance.Rd#L160   li_sam_ratio_V = pop_ratio$li_sam_rati ...
vignettes/barmixR-workflow.Rmd#L16   echo = TRUE, ...
vignettes/barmixR-workflow.Rmd#L17   warning = FALSE, ...
vignettes/barmixR-workflow.Rmd#L18   message = FALSE ...
vignettes/barmixR-workflow.Rmd#L127   breaks <- floor(seq(0,k,length.out=len ...
vignettes/barmixR-workflow.Rmd#L128   prof <- numeric(k) ...
vignettes/barmixR-workflow.Rmd#L129   for(i in seq_along(pattern)){ ...
vignettes/barmixR-workflow.Rmd#L132   } ...
vignettes/barmixR-workflow.Rmd#L133   prof + runif(k,0,0.1) ...
vignettes/barmixR-workflow.Rmd#L137   DMSO   = rep(1/k,k), ...
vignettes/barmixR-workflow.Rmd#L138   TreatA = generate_profile(c(5.5,1.1,0. ...
vignettes/barmixR-workflow.Rmd#L139   TreatB = generate_profile(c(0.2,6,1.0) ...
vignettes/barmixR-workflow.Rmd#L140   TreatC = generate_profile(c(1.05,0.5,4 ...
vignettes/barmixR-workflow.Rmd#L147   alpha <- alpha_profiles[[cond]] ...
vignettes/barmixR-workflow.Rmd#L148   alpha_scaled <- alpha/sum(alpha)*50 ...
vignettes/barmixR-workflow.Rmd#L150   mat <- rdirmn(n_reps,n_reads,alpha_sca ...
vignettes/barmixR-workflow.Rmd#L152   rownames(mat) <- paste0(cond,"_rep",1: ...
vignettes/barmixR-workflow.Rmd#L153   colnames(mat) <- paste0("clone",1:k) ...
vignettes/barmixR-workflow.Rmd#L155   all_data[[cond]] <- mat ...
vignettes/barmixR-workflow.Rmd#L197   sigma2 <- log(1+(sd/mean)^2) ...
vignettes/barmixR-workflow.Rmd#L198   mu <- log(mean)-sigma2/2 ...
vignettes/barmixR-workflow.Rmd#L199   sigma <- sqrt(sigma2) ...
vignettes/barmixR-workflow.Rmd#L201   list(meanlog=mu,sdlog=sigma) ...
vignettes/barmixR-workflow.Rmd#L208   set.seed(seed) ...
vignettes/barmixR-workflow.Rmd#L209   rlnorm(n_reps,params$meanlog,params$sd ...
vignettes/barmixR-workflow.Rmd#L234   sub("_rep[0-9]+$","",rownames(data_cou ...
vignettes/barmixR-workflow.Rmd#L235   levels=conditions ...
vignettes/barmixR-workflow.Rmd#L241   data_count=data_count, ...
vignettes/barmixR-workflow.Rmd#L242   condition_count=condition_count, ...
vignettes/barmixR-workflow.Rmd#L243   V=V_t14, ...
vignettes/barmixR-workflow.Rmd#L244   VT0=V_t0, ...
vignettes/barmixR-workflow.Rmd#L245   condition_v=condition_count, ...
vignettes/barmixR-workflow.Rmd#L246   cell_line=cell_line ...
vignettes/barmixR-workflow.Rmd#L262   data=data, ...
vignettes/barmixR-workflow.Rmd#L263   time_d=time_d, ...
vignettes/barmixR-workflow.Rmd#L264   control=list( ...
vignettes/barmixR-workflow.Rmd#L269   ), ...
vignettes/barmixR-workflow.Rmd#L270   in_vivo=TRUE ...
vignettes/barmixR-workflow.Rmd#L327   model, ...
vignettes/barmixR-workflow.Rmd#L328   fraction_ratio_results$li_sam_ratio_re ...
vignettes/barmixR-workflow.Rmd#L329   population_ratio_results$li_sam_ratio_ ...
vignettes/barmixR-workflow.Rmd#L356   model, ...
vignettes/barmixR-workflow.Rmd#L357   resistance$summary_table ...
vignettes/barmixR-workflow.Rmd#L372   - **blue** → sensitivity (treated cell ...
vignettes/barmixR-workflow.Rmd#L373   - **red** → resistance (treated cells  ...
vignettes/barmixR-workflow.Rmd#L390   model = model, ...
vignettes/barmixR-workflow.Rmd#L391   summary_table = resistance$summary_tab ...
vignettes/barmixR-workflow.Rmd#L392   cell_order = cell_order, ...
vignettes/barmixR-workflow.Rmd#L393   ncol = 5 ...
vignettes/barmixR-workflow.Rmd#L394   # legend_text = "DMSO = control condit ...
* Checking if package already exists in CRAN... OK
* Checking for bioc-devel mailing list subscription...
* NOTE: Cannot determine whether maintainer is subscribed to the Bioc-Devel mailing list (requires admin credentials). Subscribe here: https://stat.ethz.ch/mailman/listinfo/bioc-devel
* Checking for support site registration...
* ERROR: Add package to Watched Tags in your Support Site profile; visit https://support.bioconductor.org/accounts/edit/profile
